<?xml version="1.0" encoding="UTF-8"?>
<!-- Generated by org.testng.reporters.JUnitXMLReporter -->
<testsuite ignored="0" hostname="DESKTOP-SSKPHS6" failures="1" tests="15" name="Amazon app Test Cases" time="293.829" errors="0" timestamp="23 Aug 2022 00:17:38 GMT">
  <testcase classname="com.amazon.qa.testcases.HomePageTest" name="VerifyHomePageTitleTest" time="3.117"/>
  <testcase classname="com.amazon.qa.testcases.LoginPageTest" name="loginPageTitleTest" time="0.017"/>
  <testcase classname="com.amazon.qa.testcases.BeautyandPersonalCarePageTest" name="VerifyBeautyPageTitleTest" time="3.027"/>
  <testcase classname="com.amazon.qa.testcases.HomePageTest" name="varifyUserLoginTest" time="2.962"/>
  <testcase classname="com.amazon.qa.testcases.BeautyandPersonalCarePageTest" name="varifyBeautyLabelTest" time="0.067"/>
  <testcase classname="com.amazon.qa.testcases.YourAccountPageTest" name="varifycreateNewContact" time="11.999"/>
  <testcase classname="com.amazon.qa.testcases.YourAccountPageTest" name="varifycreateNewContact" time="9.651"/>
  <testcase classname="com.amazon.qa.testcases.YourAccountPageTest" name="varifycreateNewContact" time="8.817"/>
  <testcase classname="com.amazon.qa.testcases.LoginPageTest" name="crmLogoImageTest" time="0.07"/>
  <testcase classname="com.amazon.qa.testcases.HomePageTest" name="varifybeautyandPersonalCareTest" time="6.079"/>
  <testcase classname="com.amazon.qa.testcases.LoginPageTest" name="loginTest" time="1.014"/>
  <testcase classname="com.amazon.qa.testcases.BeautyandPersonalCarePageTest" name="varifyHaircareProductLabellTest" time="0.127"/>
  <testcase classname="com.amazon.qa.testcases.HomePageTest" name="varifyGiftIdeasPageTest" time="3.267"/>
  <testcase classname="com.amazon.qa.testcases.BeautyandPersonalCarePageTest" name="varifyMakeupProductlLableLinkTest" time="2.325"/>
  <testcase classname="com.amazon.qa.testcases.HomePageTest" name="varifyHealthAndHouseholdPageTest" time="5.611">
    <failure type="org.openqa.selenium.ElementNotInteractableException" message="element not interactable
  (Session info: chrome=104.0.5112.102)
Build info: version: &amp;apos;3.14.0&amp;apos;, revision: &amp;apos;aacccce0&amp;apos;, time: &amp;apos;2018-08-02T20:19:58.91Z&amp;apos;
System info: host: &amp;apos;DESKTOP-SSKPHS6&amp;apos;, ip: &amp;apos;10.0.0.22&amp;apos;, os.name: &amp;apos;Windows 10&amp;apos;, os.arch: &amp;apos;amd64&amp;apos;, os.version: &amp;apos;10.0&amp;apos;, java.version: &amp;apos;15.0.1&amp;apos;
Driver info: org.openqa.selenium.chrome.ChromeDriver
Capabilities {acceptInsecureCerts: false, browserName: chrome, browserVersion: 104.0.5112.102, chrome: {chromedriverVersion: 104.0.5112.79 (3cf3e8c8a07d..., userDataDir: C:\Users\DELL\AppData\Local...}, goog:chromeOptions: {debuggerAddress: localhost:49310}, javascriptEnabled: true, networkConnectionEnabled: false, pageLoadStrategy: normal, platform: WINDOWS, platformName: WINDOWS, proxy: Proxy(), setWindowRect: true, strictFileInteractability: false, timeouts: {implicit: 0, pageLoad: 300000, script: 30000}, unhandledPromptBehavior: dismiss and notify, webauthn:extension:credBlob: true, webauthn:extension:largeBlob: true, webauthn:virtualAuthenticators: true}
Session ID: 195b1dcac1b03adcec98f1f76c2b92b8">
      <![CDATA[org.openqa.selenium.ElementNotInteractableException: element not interactable
  (Session info: chrome=104.0.5112.102)
Build info: version: '3.14.0', revision: 'aacccce0', time: '2018-08-02T20:19:58.91Z'
System info: host: 'DESKTOP-SSKPHS6', ip: '10.0.0.22', os.name: 'Windows 10', os.arch: 'amd64', os.version: '10.0', java.version: '15.0.1'
Driver info: org.openqa.selenium.chrome.ChromeDriver
Capabilities {acceptInsecureCerts: false, browserName: chrome, browserVersion: 104.0.5112.102, chrome: {chromedriverVersion: 104.0.5112.79 (3cf3e8c8a07d..., userDataDir: C:\Users\DELL\AppData\Local...}, goog:chromeOptions: {debuggerAddress: localhost:49310}, javascriptEnabled: true, networkConnectionEnabled: false, pageLoadStrategy: normal, platform: WINDOWS, platformName: WINDOWS, proxy: Proxy(), setWindowRect: true, strictFileInteractability: false, timeouts: {implicit: 0, pageLoad: 300000, script: 30000}, unhandledPromptBehavior: dismiss and notify, webauthn:extension:credBlob: true, webauthn:extension:largeBlob: true, webauthn:virtualAuthenticators: true}
Session ID: 195b1dcac1b03adcec98f1f76c2b92b8
	at org.openqa.selenium.remote.http.W3CHttpResponseCodec.createException(W3CHttpResponseCodec.java:187)
	at org.openqa.selenium.remote.http.W3CHttpResponseCodec.decode(W3CHttpResponseCodec.java:122)
	at org.openqa.selenium.remote.http.W3CHttpResponseCodec.decode(W3CHttpResponseCodec.java:49)
	at org.openqa.selenium.remote.HttpCommandExecutor.execute(HttpCommandExecutor.java:158)
	at org.openqa.selenium.remote.service.DriverCommandExecutor.execute(DriverCommandExecutor.java:83)
	at org.openqa.selenium.remote.RemoteWebDriver.execute(RemoteWebDriver.java:548)
	at org.openqa.selenium.remote.RemoteWebElement.execute(RemoteWebElement.java:276)
	at org.openqa.selenium.remote.RemoteWebElement.click(RemoteWebElement.java:83)
	at org.openqa.selenium.support.events.EventFiringWebDriver$EventFiringWebElement.lambda$new$0(EventFiringWebDriver.java:403)
	at com.sun.proxy.$Proxy12.click(Unknown Source)
	at org.openqa.selenium.support.events.EventFiringWebDriver$EventFiringWebElement.click(EventFiringWebDriver.java:416)
	at org.openqa.selenium.support.pagefactory.internal.LocatingElementHandler.invoke(LocatingElementHandler.java:51)
	at com.sun.proxy.$Proxy16.click(Unknown Source)
	at com.amazon.qa.page.HomePage.clickOnhealthAndHousehold(HomePage.java:65)
	at com.amazon.qa.testcases.HomePageTest.varifyHealthAndHouseholdPageTest(HomePageTest.java:64)
... Removed 36 stack frames]]>
    </failure>
  </testcase> <!-- varifyHealthAndHouseholdPageTest -->
</testsuite> <!-- Amazon app Test Cases -->
