<html>
<head>
<title>TestNG:  Amazon app Test Cases</title>
<link href="../testng.css" rel="stylesheet" type="text/css" />
<link href="../my-testng.css" rel="stylesheet" type="text/css" />

<style type="text/css">
.log { display: none;} 
.stack-trace { display: none;} 
</style>
<script type="text/javascript">
<!--
function flip(e) {
  current = e.style.display;
  if (current == 'block') {
    e.style.display = 'none';
    return 0;
  }
  else {
    e.style.display = 'block';
    return 1;
  }
}

function toggleBox(szDivId, elem, msg1, msg2)
{
  var res = -1;  if (document.getElementById) {
    res = flip(document.getElementById(szDivId));
  }
  else if (document.all) {
    // this is the way old msie versions work
    res = flip(document.all[szDivId]);
  }
  if(elem) {
    if(res == 0) elem.innerHTML = msg1; else elem.innerHTML = msg2;
  }

}

function toggleAllBoxes() {
  if (document.getElementsByTagName) {
    d = document.getElementsByTagName('div');
    for (i = 0; i < d.length; i++) {
      if (d[i].className == 'log') {
        flip(d[i]);
      }
    }
  }
}

// -->
</script>

</head>
<body>
<h2 align='center'>Amazon app Test Cases</h2><table border='1' align="center">
<tr>
<td>Tests passed/Failed/Skipped:</td><td>14/1/0</td>
</tr><tr>
<td>Started on:</td><td>Mon Aug 22 20:12:44 EDT 2022</td>
</tr>
<tr><td>Total time:</td><td>293 seconds (293829 ms)</td>
</tr><tr>
<td>Included groups:</td><td></td>
</tr><tr>
<td>Excluded groups:</td><td></td>
</tr>
</table><p/>
<small><i>(Hover the method name to see the test class name)</i></small><p/>
<table width='100%' border='1' class='invocation-failed'>
<tr><td colspan='4' align='center'><b>FAILED TESTS</b></td></tr>
<tr><td><b>Test method</b></td>
<td width="30%"><b>Exception</b></td>
<td width="10%"><b>Time (seconds)</b></td>
<td><b>Instance</b></td>
</tr>
<tr>
<td title='com.amazon.qa.testcases.HomePageTest.varifyHealthAndHouseholdPageTest()'><b>varifyHealthAndHouseholdPageTest</b><br>Test class: com.amazon.qa.testcases.HomePageTest</td>
<td><div><pre>org.openqa.selenium.ElementNotInteractableException: element not interactable
  (Session info: chrome=104.0.5112.102)
Build info: version: &apos;3.14.0&apos;, revision: &apos;aacccce0&apos;, time: &apos;2018-08-02T20:19:58.91Z&apos;
System info: host: &apos;DESKTOP-SSKPHS6&apos;, ip: &apos;10.0.0.22&apos;, os.name: &apos;Windows 10&apos;, os.arch: &apos;amd64&apos;, os.version: &apos;10.0&apos;, java.version: &apos;15.0.1&apos;
Driver info: org.openqa.selenium.chrome.ChromeDriver
Capabilities {acceptInsecureCerts: false, browserName: chrome, browserVersion: 104.0.5112.102, chrome: {chromedriverVersion: 104.0.5112.79 (3cf3e8c8a07d..., userDataDir: C:\Users\DELL\AppData\Local...}, goog:chromeOptions: {debuggerAddress: localhost:49310}, javascriptEnabled: true, networkConnectionEnabled: false, pageLoadStrategy: normal, platform: WINDOWS, platformName: WINDOWS, proxy: Proxy(), setWindowRect: true, strictFileInteractability: false, timeouts: {implicit: 0, pageLoad: 300000, script: 30000}, unhandledPromptBehavior: dismiss and notify, webauthn:extension:credBlob: true, webauthn:extension:largeBlob: true, webauthn:virtualAuthenticators: true}
Session ID: 195b1dcac1b03adcec98f1f76c2b92b8
	at org.openqa.selenium.remote.http.W3CHttpResponseCodec.createException(W3CHttpResponseCodec.java:187)
	at org.openqa.selenium.remote.http.W3CHttpResponseCodec.decode(W3CHttpResponseCodec.java:122)
	at org.openqa.selenium.remote.http.W3CHttpResponseCodec.decode(W3CHttpResponseCodec.java:49)
	at org.openqa.selenium.remote.HttpCommandExecutor.execute(HttpCommandExecutor.java:158)
	at org.openqa.selenium.remote.service.DriverCommandExecutor.execute(DriverCommandExecutor.java:83)
	at org.openqa.selenium.remote.RemoteWebDriver.execute(RemoteWebDriver.java:548)
	at org.openqa.selenium.remote.RemoteWebElement.execute(RemoteWebElement.java:276)
	at org.openqa.selenium.remote.RemoteWebElement.click(RemoteWebElement.java:83)
	at org.openqa.selenium.support.events.EventFiringWebDriver$EventFiringWebElement.lambda$new$0(EventFiringWebDriver.java:403)
	at com.sun.proxy.$Proxy12.click(Unknown Source)
	at org.openqa.selenium.support.events.EventFiringWebDriver$EventFiringWebElement.click(EventFiringWebDriver.java:416)
	at org.openqa.selenium.support.pagefactory.internal.LocatingElementHandler.invoke(LocatingElementHandler.java:51)
	at com.sun.proxy.$Proxy16.click(Unknown Source)
	at com.amazon.qa.page.HomePage.clickOnhealthAndHousehold(HomePage.java:65)
	at com.amazon.qa.testcases.HomePageTest.varifyHealthAndHouseholdPageTest(HomePageTest.java:64)
... Removed 36 stack frames</pre></div><a href='#' onClick='toggleBox("stack-trace1623148876", this, "Click to show all stack frames", "Click to hide stack frames")'>Click to show all stack frames</a>
<div class='stack-trace' id='stack-trace1623148876'><pre>org.openqa.selenium.ElementNotInteractableException: element not interactable
  (Session info: chrome=104.0.5112.102)
Build info: version: &apos;3.14.0&apos;, revision: &apos;aacccce0&apos;, time: &apos;2018-08-02T20:19:58.91Z&apos;
System info: host: &apos;DESKTOP-SSKPHS6&apos;, ip: &apos;10.0.0.22&apos;, os.name: &apos;Windows 10&apos;, os.arch: &apos;amd64&apos;, os.version: &apos;10.0&apos;, java.version: &apos;15.0.1&apos;
Driver info: org.openqa.selenium.chrome.ChromeDriver
Capabilities {acceptInsecureCerts: false, browserName: chrome, browserVersion: 104.0.5112.102, chrome: {chromedriverVersion: 104.0.5112.79 (3cf3e8c8a07d..., userDataDir: C:\Users\DELL\AppData\Local...}, goog:chromeOptions: {debuggerAddress: localhost:49310}, javascriptEnabled: true, networkConnectionEnabled: false, pageLoadStrategy: normal, platform: WINDOWS, platformName: WINDOWS, proxy: Proxy(), setWindowRect: true, strictFileInteractability: false, timeouts: {implicit: 0, pageLoad: 300000, script: 30000}, unhandledPromptBehavior: dismiss and notify, webauthn:extension:credBlob: true, webauthn:extension:largeBlob: true, webauthn:virtualAuthenticators: true}
Session ID: 195b1dcac1b03adcec98f1f76c2b92b8
	at java.base/jdk.internal.reflect.NativeConstructorAccessorImpl.newInstance0(Native Method)
	at java.base/jdk.internal.reflect.NativeConstructorAccessorImpl.newInstance(NativeConstructorAccessorImpl.java:64)
	at java.base/jdk.internal.reflect.DelegatingConstructorAccessorImpl.newInstance(DelegatingConstructorAccessorImpl.java:45)
	at java.base/java.lang.reflect.Constructor.newInstanceWithCaller(Constructor.java:500)
	at java.base/java.lang.reflect.Constructor.newInstance(Constructor.java:481)
	at org.openqa.selenium.remote.http.W3CHttpResponseCodec.createException(W3CHttpResponseCodec.java:187)
	at org.openqa.selenium.remote.http.W3CHttpResponseCodec.decode(W3CHttpResponseCodec.java:122)
	at org.openqa.selenium.remote.http.W3CHttpResponseCodec.decode(W3CHttpResponseCodec.java:49)
	at org.openqa.selenium.remote.HttpCommandExecutor.execute(HttpCommandExecutor.java:158)
	at org.openqa.selenium.remote.service.DriverCommandExecutor.execute(DriverCommandExecutor.java:83)
	at org.openqa.selenium.remote.RemoteWebDriver.execute(RemoteWebDriver.java:548)
	at org.openqa.selenium.remote.RemoteWebElement.execute(RemoteWebElement.java:276)
	at org.openqa.selenium.remote.RemoteWebElement.click(RemoteWebElement.java:83)
	at jdk.internal.reflect.GeneratedMethodAccessor6.invoke(Unknown Source)
	at java.base/jdk.internal.reflect.DelegatingMethodAccessorImpl.invoke(DelegatingMethodAccessorImpl.java:43)
	at java.base/java.lang.reflect.Method.invoke(Method.java:564)
	at org.openqa.selenium.support.events.EventFiringWebDriver$EventFiringWebElement.lambda$new$0(EventFiringWebDriver.java:403)
	at com.sun.proxy.$Proxy12.click(Unknown Source)
	at org.openqa.selenium.support.events.EventFiringWebDriver$EventFiringWebElement.click(EventFiringWebDriver.java:416)
	at jdk.internal.reflect.GeneratedMethodAccessor6.invoke(Unknown Source)
	at java.base/jdk.internal.reflect.DelegatingMethodAccessorImpl.invoke(DelegatingMethodAccessorImpl.java:43)
	at java.base/java.lang.reflect.Method.invoke(Method.java:564)
	at org.openqa.selenium.support.pagefactory.internal.LocatingElementHandler.invoke(LocatingElementHandler.java:51)
	at com.sun.proxy.$Proxy16.click(Unknown Source)
	at com.amazon.qa.page.HomePage.clickOnhealthAndHousehold(HomePage.java:65)
	at com.amazon.qa.testcases.HomePageTest.varifyHealthAndHouseholdPageTest(HomePageTest.java:64)
	at java.base/jdk.internal.reflect.NativeMethodAccessorImpl.invoke0(Native Method)
	at java.base/jdk.internal.reflect.NativeMethodAccessorImpl.invoke(NativeMethodAccessorImpl.java:64)
	at java.base/jdk.internal.reflect.DelegatingMethodAccessorImpl.invoke(DelegatingMethodAccessorImpl.java:43)
	at java.base/java.lang.reflect.Method.invoke(Method.java:564)
	at org.testng.internal.MethodInvocationHelper.invokeMethod(MethodInvocationHelper.java:108)
	at org.testng.internal.Invoker.invokeMethod(Invoker.java:661)
	at org.testng.internal.Invoker.invokeTestMethod(Invoker.java:869)
	at org.testng.internal.Invoker.invokeTestMethods(Invoker.java:1193)
	at org.testng.internal.TestMethodWorker.invokeTestMethods(TestMethodWorker.java:126)
	at org.testng.internal.TestMethodWorker.run(TestMethodWorker.java:109)
	at org.testng.TestRunner.privateRun(TestRunner.java:744)
	at org.testng.TestRunner.run(TestRunner.java:602)
	at org.testng.SuiteRunner.runTest(SuiteRunner.java:380)
	at org.testng.SuiteRunner.runSequentially(SuiteRunner.java:375)
	at org.testng.SuiteRunner.privateRun(SuiteRunner.java:340)
	at org.testng.SuiteRunner.run(SuiteRunner.java:289)
	at org.testng.SuiteRunnerWorker.runSuite(SuiteRunnerWorker.java:52)
	at org.testng.SuiteRunnerWorker.run(SuiteRunnerWorker.java:86)
	at org.testng.TestNG.runSuitesSequentially(TestNG.java:1301)
	at org.testng.TestNG.runSuitesLocally(TestNG.java:1226)
	at org.testng.TestNG.runSuites(TestNG.java:1144)
	at org.testng.TestNG.run(TestNG.java:1115)
	at org.testng.remote.AbstractRemoteTestNG.run(AbstractRemoteTestNG.java:115)
	at org.testng.remote.RemoteTestNG.initAndRun(RemoteTestNG.java:251)
	at org.testng.remote.RemoteTestNG.main(RemoteTestNG.java:77)
</pre></div></td>
<td>5</td>
<td>com.amazon.qa.testcases.HomePageTest@a1cdc6d</td></tr>
</table><p>
<table width='100%' border='1' class='invocation-passed'>
<tr><td colspan='4' align='center'><b>PASSED TESTS</b></td></tr>
<tr><td><b>Test method</b></td>
<td width="30%"><b>Exception</b></td>
<td width="10%"><b>Time (seconds)</b></td>
<td><b>Instance</b></td>
</tr>
<tr>
<td title='com.amazon.qa.testcases.BeautyandPersonalCarePageTest.VerifyBeautyPageTitleTest()'><b>VerifyBeautyPageTitleTest</b><br>Test class: com.amazon.qa.testcases.BeautyandPersonalCarePageTest</td>
<td></td>
<td>3</td>
<td>com.amazon.qa.testcases.BeautyandPersonalCarePageTest@175b9425</td></tr>
<tr>
<td title='com.amazon.qa.testcases.HomePageTest.VerifyHomePageTitleTest()'><b>VerifyHomePageTitleTest</b><br>Test class: com.amazon.qa.testcases.HomePageTest</td>
<td></td>
<td>3</td>
<td>com.amazon.qa.testcases.HomePageTest@a1cdc6d</td></tr>
<tr>
<td title='com.amazon.qa.testcases.LoginPageTest.crmLogoImageTest()'><b>crmLogoImageTest</b><br>Test class: com.amazon.qa.testcases.LoginPageTest</td>
<td></td>
<td>0</td>
<td>com.amazon.qa.testcases.LoginPageTest@610f7aa</td></tr>
<tr>
<td title='com.amazon.qa.testcases.LoginPageTest.loginPageTitleTest()'><b>loginPageTitleTest</b><br>Test class: com.amazon.qa.testcases.LoginPageTest</td>
<td></td>
<td>0</td>
<td>com.amazon.qa.testcases.LoginPageTest@610f7aa</td></tr>
<tr>
<td title='com.amazon.qa.testcases.LoginPageTest.loginTest()'><b>loginTest</b><br>Test class: com.amazon.qa.testcases.LoginPageTest</td>
<td></td>
<td>1</td>
<td>com.amazon.qa.testcases.LoginPageTest@610f7aa</td></tr>
<tr>
<td title='com.amazon.qa.testcases.BeautyandPersonalCarePageTest.varifyBeautyLabelTest()'><b>varifyBeautyLabelTest</b><br>Test class: com.amazon.qa.testcases.BeautyandPersonalCarePageTest</td>
<td></td>
<td>0</td>
<td>com.amazon.qa.testcases.BeautyandPersonalCarePageTest@175b9425</td></tr>
<tr>
<td title='com.amazon.qa.testcases.HomePageTest.varifyGiftIdeasPageTest()'><b>varifyGiftIdeasPageTest</b><br>Test class: com.amazon.qa.testcases.HomePageTest</td>
<td></td>
<td>3</td>
<td>com.amazon.qa.testcases.HomePageTest@a1cdc6d</td></tr>
<tr>
<td title='com.amazon.qa.testcases.BeautyandPersonalCarePageTest.varifyHaircareProductLabellTest()'><b>varifyHaircareProductLabellTest</b><br>Test class: com.amazon.qa.testcases.BeautyandPersonalCarePageTest</td>
<td></td>
<td>0</td>
<td>com.amazon.qa.testcases.BeautyandPersonalCarePageTest@175b9425</td></tr>
<tr>
<td title='com.amazon.qa.testcases.BeautyandPersonalCarePageTest.varifyMakeupProductlLableLinkTest()'><b>varifyMakeupProductlLableLinkTest</b><br>Test class: com.amazon.qa.testcases.BeautyandPersonalCarePageTest</td>
<td></td>
<td>2</td>
<td>com.amazon.qa.testcases.BeautyandPersonalCarePageTest@175b9425</td></tr>
<tr>
<td title='com.amazon.qa.testcases.HomePageTest.varifyUserLoginTest()'><b>varifyUserLoginTest</b><br>Test class: com.amazon.qa.testcases.HomePageTest</td>
<td></td>
<td>2</td>
<td>com.amazon.qa.testcases.HomePageTest@a1cdc6d</td></tr>
<tr>
<td title='com.amazon.qa.testcases.HomePageTest.varifybeautyandPersonalCareTest()'><b>varifybeautyandPersonalCareTest</b><br>Test class: com.amazon.qa.testcases.HomePageTest</td>
<td></td>
<td>6</td>
<td>com.amazon.qa.testcases.HomePageTest@a1cdc6d</td></tr>
<tr>
<td title='com.amazon.qa.testcases.YourAccountPageTest.varifycreateNewContact()'><b>varifycreateNewContact</b><br>Test class: com.amazon.qa.testcases.YourAccountPageTest<br>Parameters: partbhaihmukesh, 6442611.0, 500 MurrayRoss ParkWay, Northyork, M3J2Z3</td>
<td></td>
<td>11</td>
<td>com.amazon.qa.testcases.YourAccountPageTest@3098cf3b</td></tr>
<tr>
<td title='com.amazon.qa.testcases.YourAccountPageTest.varifycreateNewContact()'><b>varifycreateNewContact</b><br>Test class: com.amazon.qa.testcases.YourAccountPageTest<br>Parameters: pinamukeshbhai, 6444646.0, 3710 Keele Street, Northyork, M3J2Z3</td>
<td></td>
<td>9</td>
<td>com.amazon.qa.testcases.YourAccountPageTest@3098cf3b</td></tr>
<tr>
<td title='com.amazon.qa.testcases.YourAccountPageTest.varifycreateNewContact()'><b>varifycreateNewContact</b><br>Test class: com.amazon.qa.testcases.YourAccountPageTest<br>Parameters: dxxdbx, 4664466.0, 500 MurrayRoss ParkWay, Northyork, M3J2Z3</td>
<td></td>
<td>8</td>
<td>com.amazon.qa.testcases.YourAccountPageTest@3098cf3b</td></tr>
</table><p>
</body>
</html>